<?xml version="1.0" encoding="UTF-8"?>
<!-- Generated by org.testng.reporters.JUnitXMLReporter -->
<testsuite hostname="Pradeep-PC" name="Test" tests="5" failures="0" timestamp="5 Feb 2020 14:39:24 GMT" time="0.156" errors="0">
  <testcase name="testCreateCustomer" time="0.036" classname="com.actitime.test.Demo"/>
  <testcase name="testDeleteCustomer" time="0.008" classname="com.actitime.test.Demo"/>
  <testcase name="testDemo" time="0.004" classname="com.actitime.test.Demo"/>
  <testcase name="testCreateCustomer" time="0.004" classname="com.actitime.test.Demo1"/>
  <testcase name="deleteCustomer" time="0.004" classname="com.actitime.test.Demo1"/>
</testsuite> <!-- Test -->
