<?xml version="1.0" encoding="UTF-8"?>
<!-- Generated by org.testng.reporters.JUnitXMLReporter -->
<testsuite hostname="Pradeep-PC" failures="0" tests="3" name="Default test" time="0.138" errors="0" timestamp="24 Sep 2020 05:53:54 GMT">
  <testcase classname="com.actitime.test.Demo" name="testCreateCustomer" time="0.092"/>
  <testcase classname="com.actitime.test.Demo" name="testDeleteCustomer" time="0.005"/>
  <testcase classname="com.actitime.test.Demo" name="testDemo" time="0.006"/>
</testsuite> <!-- Default test -->
