<?xml version="1.0" encoding="UTF-8"?>
<testng-results total="3" passed="3" failed="0" skipped="0">
  <reporter-output>
    <line>
      <![CDATA[CreateCustomer]]>
    </line>
    <line>
      <![CDATA[DeleteCustomer]]>
    </line>
    <line>
      <![CDATA[bye]]>
    </line>
  </reporter-output>
  <suite started-at="2020-09-24T05:53:54Z" name="Default suite" finished-at="2020-09-24T05:53:54Z" duration-ms="138">
    <groups>
    </groups>
    <test started-at="2020-09-24T05:53:54Z" name="Default test" finished-at="2020-09-24T05:53:54Z" duration-ms="138">
      <class name="com.actitime.test.Demo">
        <test-method signature="testCreateCustomer()[pri:0, instance:com.actitime.test.Demo@58a9760d]" started-at="2020-09-24T11:23:54Z" name="testCreateCustomer" finished-at="2020-09-24T11:23:54Z" duration-ms="92" status="PASS">
          <reporter-output>
            <line>
              <![CDATA[CreateCustomer]]>
            </line>
          </reporter-output>
        </test-method> <!-- testCreateCustomer -->
        <test-method signature="testDeleteCustomer()[pri:0, instance:com.actitime.test.Demo@58a9760d]" started-at="2020-09-24T11:23:54Z" name="testDeleteCustomer" finished-at="2020-09-24T11:23:54Z" duration-ms="5" status="PASS">
          <reporter-output>
            <line>
              <![CDATA[DeleteCustomer]]>
            </line>
          </reporter-output>
        </test-method> <!-- testDeleteCustomer -->
        <test-method signature="testDemo()[pri:0, instance:com.actitime.test.Demo@58a9760d]" started-at="2020-09-24T11:23:54Z" name="testDemo" finished-at="2020-09-24T11:23:54Z" duration-ms="6" status="PASS">
          <reporter-output>
            <line>
              <![CDATA[bye]]>
            </line>
          </reporter-output>
        </test-method> <!-- testDemo -->
      </class> <!-- com.actitime.test.Demo -->
    </test> <!-- Default test -->
  </suite> <!-- Default suite -->
</testng-results>
